<?xml version="1.0" encoding="UTF-8"?>
<!-- Generated by org.testng.reporters.JUnitXMLReporter -->
<testsuite ignored="0" hostname="RFL596" failures="5" tests="39" name="RestAssuredTests" time="12.615" errors="0" timestamp="2022-11-28T19:56:00 IST">
  <testcase classname="com.employee.testcases.TC001_GET_All_Employees" name="checkResponsebody" time="0.017"/>
  <testcase classname="com.employee.testcases.TC001_GET_All_Employees" name="checkStatusCode" time="0.001"/>
  <testcase classname="com.employee.testcases.TC001_GET_All_Employees" name="checkResponseTime" time="0.002"/>
  <testcase classname="com.employee.testcases.TC001_GET_All_Employees" name="checkStatusline" time="0.001"/>
  <testcase classname="com.employee.testcases.TC001_GET_All_Employees" name="checkContentType" time="0.001"/>
  <testcase classname="com.employee.testcases.TC001_GET_All_Employees" name="checkServerType" time="0.002"/>
  <testcase classname="com.employee.testcases.TC005_PUT_Update_Employee_Record" name="postemployee" time="1.109"/>
  <testcase classname="com.employee.testcases.TC005_PUT_Update_Employee_Record" name="checkResponsebody" time="0.001"/>
  <testcase classname="com.employee.testcases.TC005_PUT_Update_Employee_Record" name="checkStatusCode" time="0.0"/>
  <testcase classname="com.employee.testcases.TC005_PUT_Update_Employee_Record" name="checkResponseTime" time="0.0"/>
  <testcase classname="com.employee.testcases.TC005_PUT_Update_Employee_Record" name="checkStatusline" time="0.0"/>
  <testcase classname="com.employee.testcases.TC005_PUT_Update_Employee_Record" name="checkContentType" time="0.0"/>
  <testcase classname="com.employee.testcases.TC005_PUT_Update_Employee_Record" name="checkContentLength" time="0.001"/>
  <testcase classname="com.employee.testcases.TC006_DELETE_Employee_Record" name="checkResponsebody" time="0.01"/>
  <testcase classname="com.employee.testcases.TC006_DELETE_Employee_Record" name="checkStatusCode" time="0.006">
    <failure type="java.lang.AssertionError" message="expected [200] but found [405]">
      <![CDATA[java.lang.AssertionError: expected [200] but found [405]
at com.employee.testcases.TC006_DELETE_Employee_Record.checkStatusCode(TC006_DELETE_Employee_Record.java:42)
at java.base/java.util.ArrayList.forEach(ArrayList.java:1511)
... Removed 37 stack frames]]>
    </failure>
  </testcase> <!-- checkStatusCode -->
  <testcase classname="com.employee.testcases.TC006_DELETE_Employee_Record" name="checkResponseTime" time="0.0"/>
  <testcase classname="com.employee.testcases.TC002_GET_Single_Employee_Details" name="checkResponsebody" time="0.001"/>
  <testcase classname="com.employee.testcases.TC002_GET_Single_Employee_Details" name="checkStatusCode" time="0.001">
    <failure type="java.lang.AssertionError" message="expected [200] but found [429]">
      <![CDATA[java.lang.AssertionError: expected [200] but found [429]
at com.employee.testcases.TC002_GET_Single_Employee_Details.checkStatusCode(TC002_GET_Single_Employee_Details.java:35)
at java.base/java.util.ArrayList.forEach(ArrayList.java:1511)
... Removed 37 stack frames]]>
    </failure>
  </testcase> <!-- checkStatusCode -->
  <testcase classname="com.employee.testcases.TC002_GET_Single_Employee_Details" name="checkResponseTime" time="0.0"/>
  <testcase classname="com.employee.testcases.TC002_GET_Single_Employee_Details" name="checkStatusline" time="0.001">
    <failure type="java.lang.AssertionError" message="expected [HTTP/1.1 200 OK] but found [HTTP/1.1 429 Too Many Requests]">
      <![CDATA[java.lang.AssertionError: expected [HTTP/1.1 200 OK] but found [HTTP/1.1 429 Too Many Requests]
at com.employee.testcases.TC002_GET_Single_Employee_Details.checkStatusline(TC002_GET_Single_Employee_Details.java:53)
at java.base/java.util.ArrayList.forEach(ArrayList.java:1511)
... Removed 37 stack frames]]>
    </failure>
  </testcase> <!-- checkStatusline -->
  <testcase classname="com.employee.testcases.TC002_GET_Single_Employee_Details" name="checkContentType" time="0.001">
    <failure type="java.lang.AssertionError" message="expected [application/json] but found [text/html; charset=UTF-8]">
      <![CDATA[java.lang.AssertionError: expected [application/json] but found [text/html; charset=UTF-8]
at com.employee.testcases.TC002_GET_Single_Employee_Details.checkContentType(TC002_GET_Single_Employee_Details.java:61)
at java.base/java.util.ArrayList.forEach(ArrayList.java:1511)
... Removed 37 stack frames]]>
    </failure>
  </testcase> <!-- checkContentType -->
  <testcase classname="com.employee.testcases.TC002_GET_Single_Employee_Details" name="checkContentLength" time="0.0">
    <failure type="java.lang.NumberFormatException" message="Cannot parse null string">
      <![CDATA[java.lang.NumberFormatException: Cannot parse null string
at java.base/java.lang.Integer.parseInt(Integer.java:630)
at java.base/java.lang.Integer.parseInt(Integer.java:786)
at com.employee.testcases.TC002_GET_Single_Employee_Details.checkContentLength(TC002_GET_Single_Employee_Details.java:69)
at java.base/java.util.ArrayList.forEach(ArrayList.java:1511)
... Removed 31 stack frames]]>
    </failure>
  </testcase> <!-- checkContentLength -->
  <testcase classname="com.employee.testcases.TC003_POST_Employee_Record" name="postemployee" time="1.2"/>
  <testcase classname="com.employee.testcases.TC003_POST_Employee_Record" name="postemployee" time="1.036"/>
  <testcase classname="com.employee.testcases.TC003_POST_Employee_Record" name="postemployee" time="1.072"/>
  <testcase classname="com.employee.testcases.TC003_POST_Employee_Record" name="postemployee" time="1.099"/>
  <testcase classname="com.employee.testcases.TC003_POST_Employee_Record" name="checkResponsebody" time="0.001"/>
  <testcase classname="com.employee.testcases.TC003_POST_Employee_Record" name="checkStatusCode" time="0.001"/>
  <testcase classname="com.employee.testcases.TC003_POST_Employee_Record" name="checkResponseTime" time="0.001"/>
  <testcase classname="com.employee.testcases.TC003_POST_Employee_Record" name="checkStatusline" time="0.0"/>
  <testcase classname="com.employee.testcases.TC003_POST_Employee_Record" name="checkContentType" time="0.011"/>
  <testcase classname="com.employee.testcases.TC003_POST_Employee_Record" name="checkContentLength" time="0.001"/>
  <testcase classname="com.employee.testcases.TC004_POST_Employee_Record_with_Random_data" name="postemployee" time="1.179"/>
  <testcase classname="com.employee.testcases.TC004_POST_Employee_Record_with_Random_data" name="checkResponsebody" time="0.001"/>
  <testcase classname="com.employee.testcases.TC004_POST_Employee_Record_with_Random_data" name="checkStatusCode" time="0.0"/>
  <testcase classname="com.employee.testcases.TC004_POST_Employee_Record_with_Random_data" name="checkResponseTime" time="0.0"/>
  <testcase classname="com.employee.testcases.TC004_POST_Employee_Record_with_Random_data" name="checkStatusline" time="0.0"/>
  <testcase classname="com.employee.testcases.TC004_POST_Employee_Record_with_Random_data" name="checkContentType" time="0.0"/>
  <testcase classname="com.employee.testcases.TC004_POST_Employee_Record_with_Random_data" name="checkContentLength" time="0.0"/>
</testsuite> <!-- RestAssuredTests -->
